03.09.2025 08:12:57 | User Error | log file not found
03.09.2025 11:11:00 | User Error | signup_mysql.model.php missing C:\Users\loren\webDevelopment\phpExcercises\mvc-dog-application\app\core\Model.php
03.09.2025 11:12:48 | User Error | signup_mysql.model.php missing C:\Users\loren\webDevelopment\phpExcercises\mvc-dog-application\app\core\Model.php
03.09.2025 11:24:39 | User Error | Username or Password are wrong C:\Users\loren\webDevelopment\phpExcercises\mvc-dog-application\app\core\Model.php
03.09.2025 11:25:40 | User Error | Username or Password are wrong C:\Users\loren\webDevelopment\phpExcercises\mvc-dog-application\app\core\Model.php
03.09.2025 11:27:07 | User Error | Username or Password are wrong C:\Users\loren\webDevelopment\phpExcercises\mvc-dog-application\app\core\Model.php
03.09.2025 01:51:46 | User Error | breed-not-selected
03.09.2025 01:54:33 | User Error | breed-not-selected
03.09.2025 02:16:05 | User Error | breed-not-selected
03.09.2025 02:21:51 | User Error | Table 'mvc_dog_application.tasks' doesn't exist
03.09.2025 02:22:28 | User Error | Table 'mvc_dog_application.tasks' doesn't exist
03.09.2025 02:53:59 | User Error | Data too long for column 'dogbreed' at row 1
03.09.2025 03:05:04 | User Error | breed-not-selected
03.09.2025 03:22:11 | User Error | request not valid
03.09.2025 03:52:18 | User Error | breed-not-selected
03.09.2025 03:53:16 | User Error | request not valid
03.09.2025 03:53:30 | User Error | request not valid
03.09.2025 04:07:09 | User Error | request not valid
03.09.2025 04:07:17 | User Error | request not valid
03.09.2025 04:10:16 | User Error | fff
03.09.2025 04:11:13 | User Error | fff
03.09.2025 04:11:26 | User Error | fff
03.09.2025 04:19:36 | User Error | deleteRecord is not working properly
03.09.2025 04:48:01 | User Error | breed-not-selected
03.09.2025 04:48:04 | User Error | deleteRecord is not working properly
03.09.2025 04:48:41 | User Error | deleteRecord is not working properly
03.09.2025 04:48:45 | User Error | deleteRecord is not working properly
03.09.2025 04:48:48 | User Error | deleteRecord is not working properly
03.09.2025 04:49:44 | User Error | deleteRecord is not working properly
03.09.2025 04:50:43 | User Error | deleteRecord is not working properly
03.09.2025 04:52:13 | User Error | deleteRecord is not working properly
03.09.2025 04:52:35 | User Error | deleteRecord is not working properly
03.09.2025 04:54:37 | User Error | deleteRecord is not working properly
03.09.2025 04:55:40 | User Error | deleteRecord is not working properly
03.09.2025 04:55:53 | User Error | deleteRecord is not working properly
03.09.2025 04:56:23 | User Error | breed-not-selected
03.09.2025 05:02:44 | User Error | breed-not-selected
03.09.2025 05:03:55 | User Error | deleteRecord is not working properly
03.09.2025 05:04:40 | User Error | deleteRecord is not working properly
03.09.2025 05:07:53 | User Error | deleteRecord is not working properly
03.09.2025 05:07:54 | User Error | deleteRecord is not working properly
03.09.2025 05:11:41 | User Error | deleteRecord is not working properly
03.09.2025 06:23:16 | User Error | request not valid
03.09.2025 06:26:26 | User Error | string to array conversion failed in task_dat_xml.model.php
03.09.2025 06:28:26 | User Error | invalid data
03.09.2025 06:28:57 | User Error | invalid data
03.09.2025 06:29:06 | User Error | invalid data
03.09.2025 06:30:24 | User Error | breed-not-selected
03.09.2025 06:30:28 | User Error | breed-not-selected
03.09.2025 06:38:47 | User Error | string to array conversion failed in task_dat_xml.model.php
03.09.2025 06:39:08 | User Error | request not valid
03.09.2025 06:41:15 | User Error | breed-not-selected
03.09.2025 06:41:16 | User Error | breed-not-selected
03.09.2025 06:42:33 | User Error | breed-not-selected
03.09.2025 06:43:59 | User Error | breed-not-selected
03.09.2025 06:44:58 | User Error | breed-not-selected C:\Users\loren\webDevelopment\phpExcercises\mvc-dog-application\app\controllers\Dog.php
03.09.2025 06:44:58 | User Error | string to array conversion failed in task_dat_xml.model.php C:\Users\loren\webDevelopment\phpExcercises\mvc-dog-application\app\core\Model.php
03.09.2025 06:49:14 | User Error | breed-not-selected C:\Users\loren\webDevelopment\phpExcercises\mvc-dog-application\app\controllers\Dog.php
03.09.2025 06:49:36 | User Error | breed-not-selected C:\Users\loren\webDevelopment\phpExcercises\mvc-dog-application\app\controllers\Dog.php
03.09.2025 06:50:38 | User Error | breed-not-selected C:\Users\loren\webDevelopment\phpExcercises\mvc-dog-application\app\controllers\Dog.php
03.09.2025 06:51:25 | User Error | breed-not-selected C:\Users\loren\webDevelopment\phpExcercises\mvc-dog-application\app\controllers\Dog.php
03.09.2025 06:53:17 | User Error | breed-not-selected C:\Users\loren\webDevelopment\phpExcercises\mvc-dog-application\app\controllers\Dog.php
03.09.2025 06:53:21 | User Error | breed-not-selected C:\Users\loren\webDevelopment\phpExcercises\mvc-dog-application\app\controllers\Dog.php
03.09.2025 06:53:27 | User Error | breed-not-selected C:\Users\loren\webDevelopment\phpExcercises\mvc-dog-application\app\controllers\Dog.php
03.09.2025 06:53:32 | User Error | string to array conversion failed in task_dat_xml.model.php C:\Users\loren\webDevelopment\phpExcercises\mvc-dog-application\app\core\Model.php
03.09.2025 06:53:44 | User Error | string to array conversion failed in task_dat_xml.model.php C:\Users\loren\webDevelopment\phpExcercises\mvc-dog-application\app\core\Model.php
03.09.2025 06:54:53 | User Error | string to array conversion failed in task_dat_xml.model.php C:\Users\loren\webDevelopment\phpExcercises\mvc-dog-application\app\core\Model.php
03.09.2025 06:55:21 | User Error | string to array conversion failed in task_dat_xml.model.php C:\Users\loren\webDevelopment\phpExcercises\mvc-dog-application\app\core\Model.php
03.09.2025 06:56:04 | User Error | string to array conversion failed in task_dat_xml.model.php C:\Users\loren\webDevelopment\phpExcercises\mvc-dog-application\app\core\Model.php
03.09.2025 07:16:57 | User Error | You have an error in your SQL syntax; check the manual that corresponds to your MySQL server version for the right syntax to use near 'EXISTSlorenzo2_dogs' at line 1 C:\Users\loren\webDevelopment\phpExcercises\mvc-dog-application\app\models\dog_data_mysql.model.php
03.09.2025 07:57:45 | User Error | You have an error in your SQL syntax; check the manual that corresponds to your MySQL server version for the right syntax to use near ',
        
      )' at line 8 C:\Users\loren\webDevelopment\phpExcercises\mvc-dog-application\app\models\authentication\signin_mysql.model.php
03.09.2025 07:57:50 | User Error | Username or Password are wrong C:\Users\loren\webDevelopment\phpExcercises\mvc-dog-application\app\core\Model.php
03.09.2025 07:58:00 | User Error | Username or Password are wrong C:\Users\loren\webDevelopment\phpExcercises\mvc-dog-application\app\core\Model.php
03.09.2025 08:02:33 | User Error | SQLSTATE[HY093]: Invalid parameter number: number of bound variables does not match number of tokens C:\Users\loren\webDevelopment\phpExcercises\mvc-dog-application\app\core\Database.php
03.09.2025 08:04:56 | User Error | SQLSTATE[HY093]: Invalid parameter number: number of bound variables does not match number of tokens C:\Users\loren\webDevelopment\phpExcercises\mvc-dog-application\app\core\Database.php
03.09.2025 08:14:05 | User Error | SQLSTATE[HY093]: Invalid parameter number: number of bound variables does not match number of tokens C:\Users\loren\webDevelopment\phpExcercises\mvc-dog-application\app\core\Database.php
03.09.2025 08:21:39 | User Error | breed-not-selected C:\Users\loren\webDevelopment\phpExcercises\mvc-dog-application\app\controllers\Dog.php
03.09.2025 08:21:45 | User Error | SQLSTATE[HY093]: Invalid parameter number: number of bound variables does not match number of tokens C:\Users\loren\webDevelopment\phpExcercises\mvc-dog-application\app\core\Database.php
03.09.2025 08:23:03 | User Error | breed-not-selected C:\Users\loren\webDevelopment\phpExcercises\mvc-dog-application\app\controllers\Dog.php
03.09.2025 08:23:07 | User Error | SQLSTATE[HY093]: Invalid parameter number: number of bound variables does not match number of tokens C:\Users\loren\webDevelopment\phpExcercises\mvc-dog-application\app\core\Database.php
03.09.2025 08:23:37 | User Error | breed-not-selected C:\Users\loren\webDevelopment\phpExcercises\mvc-dog-application\app\controllers\Dog.php
03.09.2025 08:23:49 | User Error | SQLSTATE[HY093]: Invalid parameter number: number of bound variables does not match number of tokens C:\Users\loren\webDevelopment\phpExcercises\mvc-dog-application\app\core\Database.php
03.09.2025 08:24:56 | User Error | breed-not-selected C:\Users\loren\webDevelopment\phpExcercises\mvc-dog-application\app\controllers\Dog.php
03.09.2025 08:25:02 | User Error | SQLSTATE[HY093]: Invalid parameter number: number of bound variables does not match number of tokens C:\Users\loren\webDevelopment\phpExcercises\mvc-dog-application\app\core\Database.php
03.09.2025 08:25:39 | User Error | SQLSTATE[HY093]: Invalid parameter number: number of bound variables does not match number of tokens C:\Users\loren\webDevelopment\phpExcercises\mvc-dog-application\app\core\Database.php
03.09.2025 08:28:07 | User Error | database not created C:\Users\loren\webDevelopment\phpExcercises\mvc-dog-application\app\models\dog_data_mysql.model.php
03.09.2025 08:28:28 | User Error | database not created C:\Users\loren\webDevelopment\phpExcercises\mvc-dog-application\app\models\dog_data_mysql.model.php
03.09.2025 08:42:23 | User Error | SQLSTATE[42000]: Syntax error or access violation: 1064 You have an error in your SQL syntax; check the manual that corresponds to your MySQL server version for the right syntax to use near '' at line 1 C:\Users\loren\webDevelopment\phpExcercises\mvc-dog-application\app\core\Database.php
03.09.2025 08:42:53 | User Error | SQLSTATE[42000]: Syntax error or access violation: 1064 You have an error in your SQL syntax; check the manual that corresponds to your MySQL server version for the right syntax to use near '' at line 1 C:\Users\loren\webDevelopment\phpExcercises\mvc-dog-application\app\core\Database.php
03.09.2025 08:43:45 | User Error | SQLSTATE[42000]: Syntax error or access violation: 1064 You have an error in your SQL syntax; check the manual that corresponds to your MySQL server version for the right syntax to use near '' at line 1 C:\Users\loren\webDevelopment\phpExcercises\mvc-dog-application\app\core\Database.php
03.09.2025 08:44:51 | User Error | SQLSTATE[42000]: Syntax error or access violation: 1064 You have an error in your SQL syntax; check the manual that corresponds to your MySQL server version for the right syntax to use near '' at line 1 C:\Users\loren\webDevelopment\phpExcercises\mvc-dog-application\app\core\Database.php
03.09.2025 08:45:05 | User Error | SQLSTATE[42000]: Syntax error or access violation: 1064 You have an error in your SQL syntax; check the manual that corresponds to your MySQL server version for the right syntax to use near 'FROMlorenzo2_dogs' at line 1 C:\Users\loren\webDevelopment\phpExcercises\mvc-dog-application\app\core\Database.php
03.09.2025 08:45:37 | User Error | SQLSTATE[42000]: Syntax error or access violation: 1064 You have an error in your SQL syntax; check the manual that corresponds to your MySQL server version for the right syntax to use near '' at line 1 C:\Users\loren\webDevelopment\phpExcercises\mvc-dog-application\app\core\Database.php
03.09.2025 08:46:55 | User Error | SQLSTATE[42000]: Syntax error or access violation: 1064 You have an error in your SQL syntax; check the manual that corresponds to your MySQL server version for the right syntax to use near '' at line 1 C:\Users\loren\webDevelopment\phpExcercises\mvc-dog-application\app\core\Database.php
03.09.2025 08:47:32 | User Error | SQLSTATE[42000]: Syntax error or access violation: 1064 You have an error in your SQL syntax; check the manual that corresponds to your MySQL server version for the right syntax to use near '' at line 1 C:\Users\loren\webDevelopment\phpExcercises\mvc-dog-application\app\core\Database.php
03.09.2025 08:49:17 | User Error | SQLSTATE[42000]: Syntax error or access violation: 1064 You have an error in your SQL syntax; check the manual that corresponds to your MySQL server version for the right syntax to use near '' at line 1 C:\Users\loren\webDevelopment\phpExcercises\mvc-dog-application\app\core\Database.php
03.09.2025 08:49:25 | User Error | SQLSTATE[42000]: Syntax error or access violation: 1064 You have an error in your SQL syntax; check the manual that corresponds to your MySQL server version for the right syntax to use near 'FROMlorenzo2_dogs' at line 1 C:\Users\loren\webDevelopment\phpExcercises\mvc-dog-application\app\core\Database.php
03.09.2025 08:50:22 | User Error | SQLSTATE[42000]: Syntax error or access violation: 1064 You have an error in your SQL syntax; check the manual that corresponds to your MySQL server version for the right syntax to use near '' at line 1 C:\Users\loren\webDevelopment\phpExcercises\mvc-dog-application\app\core\Database.php
03.09.2025 08:50:45 | User Error | SQLSTATE[42000]: Syntax error or access violation: 1064 You have an error in your SQL syntax; check the manual that corresponds to your MySQL server version for the right syntax to use near '' at line 1 C:\Users\loren\webDevelopment\phpExcercises\mvc-dog-application\app\core\Database.php
03.09.2025 08:51:33 | User Error | SQLSTATE[42000]: Syntax error or access violation: 1064 You have an error in your SQL syntax; check the manual that corresponds to your MySQL server version for the right syntax to use near '' at line 1 C:\Users\loren\webDevelopment\phpExcercises\mvc-dog-application\app\core\Database.php
03.09.2025 08:51:47 | User Error | SQLSTATE[42000]: Syntax error or access violation: 1064 You have an error in your SQL syntax; check the manual that corresponds to your MySQL server version for the right syntax to use near '' at line 1 C:\Users\loren\webDevelopment\phpExcercises\mvc-dog-application\app\core\Database.php
03.09.2025 08:52:08 | User Error | SQLSTATE[42000]: Syntax error or access violation: 1064 You have an error in your SQL syntax; check the manual that corresponds to your MySQL server version for the right syntax to use near '' at line 1 C:\Users\loren\webDevelopment\phpExcercises\mvc-dog-application\app\core\Database.php
03.09.2025 08:53:53 | User Error | SQLSTATE[42000]: Syntax error or access violation: 1064 You have an error in your SQL syntax; check the manual that corresponds to your MySQL server version for the right syntax to use near '' at line 1 C:\Users\loren\webDevelopment\phpExcercises\mvc-dog-application\app\core\Database.php
03.09.2025 08:54:07 | User Error | SQLSTATE[42000]: Syntax error or access violation: 1064 You have an error in your SQL syntax; check the manual that corresponds to your MySQL server version for the right syntax to use near '' at line 1 C:\Users\loren\webDevelopment\phpExcercises\mvc-dog-application\app\core\Database.php
03.09.2025 08:57:04 | User Error | SQLSTATE[42000]: Syntax error or access violation: 1064 You have an error in your SQL syntax; check the manual that corresponds to your MySQL server version for the right syntax to use near '' at line 1 C:\Users\loren\webDevelopment\phpExcercises\mvc-dog-application\app\core\Database.php
03.09.2025 08:57:42 | User Error | Username or Password are wrong C:\Users\loren\webDevelopment\phpExcercises\mvc-dog-application\app\core\Model.php
03.09.2025 09:02:46 | User Error | Username or Password are wrong C:\Users\loren\webDevelopment\phpExcercises\mvc-dog-application\app\core\Model.php
03.09.2025 09:03:10 | User Error | SQLSTATE[42000]: Syntax error or access violation: 1064 You have an error in your SQL syntax; check the manual that corresponds to your MySQL server version for the right syntax to use near '' at line 1 C:\Users\loren\webDevelopment\phpExcercises\mvc-dog-application\app\core\Database.php
03.09.2025 09:03:57 | User Error | SQLSTATE[42000]: Syntax error or access violation: 1064 You have an error in your SQL syntax; check the manual that corresponds to your MySQL server version for the right syntax to use near '' at line 1 C:\Users\loren\webDevelopment\phpExcercises\mvc-dog-application\app\core\Database.php
03.09.2025 09:04:33 | User Error | SQLSTATE[42000]: Syntax error or access violation: 1064 You have an error in your SQL syntax; check the manual that corresponds to your MySQL server version for the right syntax to use near '' at line 1 C:\Users\loren\webDevelopment\phpExcercises\mvc-dog-application\app\core\Database.php
03.09.2025 09:07:45 | User Error | SQLSTATE[42000]: Syntax error or access violation: 1064 You have an error in your SQL syntax; check the manual that corresponds to your MySQL server version for the right syntax to use near 'FROMlorenzo2_dogs' at line 1 C:\Users\loren\webDevelopment\phpExcercises\mvc-dog-application\app\core\Database.php
03.09.2025 09:09:48 | User Error | SQLSTATE[42000]: Syntax error or access violation: 1064 You have an error in your SQL syntax; check the manual that corresponds to your MySQL server version for the right syntax to use near 'FROMlorenzo2_dogs' at line 1 C:\Users\loren\webDevelopment\phpExcercises\mvc-dog-application\app\core\Database.php
03.09.2025 09:10:33 | User Error | SQLSTATE[HY093]: Invalid parameter number: number of bound variables does not match number of tokens C:\Users\loren\webDevelopment\phpExcercises\mvc-dog-application\app\core\Database.php
03.09.2025 09:11:29 | User Error | SQLSTATE[HY093]: Invalid parameter number: number of bound variables does not match number of tokens C:\Users\loren\webDevelopment\phpExcercises\mvc-dog-application\app\core\Database.php
03.09.2025 09:12:43 | User Error | SQLSTATE[42000]: Syntax error or access violation: 1064 You have an error in your SQL syntax; check the manual that corresponds to your MySQL server version for the right syntax to use near '' at line 1 C:\Users\loren\webDevelopment\phpExcercises\mvc-dog-application\app\core\Database.php
03.09.2025 09:13:37 | User Error | SQLSTATE[42000]: Syntax error or access violation: 1064 You have an error in your SQL syntax; check the manual that corresponds to your MySQL server version for the right syntax to use near '' at line 1 C:\Users\loren\webDevelopment\phpExcercises\mvc-dog-application\app\core\Database.php
03.09.2025 09:16:26 | User Error | SQLSTATE[42000]: Syntax error or access violation: 1064 You have an error in your SQL syntax; check the manual that corresponds to your MySQL server version for the right syntax to use near '' at line 1 C:\Users\loren\webDevelopment\phpExcercises\mvc-dog-application\app\core\Database.php
03.09.2025 09:17:32 | User Error | SQLSTATE[42000]: Syntax error or access violation: 1064 You have an error in your SQL syntax; check the manual that corresponds to your MySQL server version for the right syntax to use near '' at line 1 C:\Users\loren\webDevelopment\phpExcercises\mvc-dog-application\app\core\Database.php
03.09.2025 09:18:21 | User Error | SQLSTATE[42000]: Syntax error or access violation: 1064 You have an error in your SQL syntax; check the manual that corresponds to your MySQL server version for the right syntax to use near '' at line 1 C:\Users\loren\webDevelopment\phpExcercises\mvc-dog-application\app\core\Database.php
03.09.2025 09:21:55 | User Error | SQLSTATE[42000]: Syntax error or access violation: 1064 You have an error in your SQL syntax; check the manual that corresponds to your MySQL server version for the right syntax to use near '' at line 1 C:\Users\loren\webDevelopment\phpExcercises\mvc-dog-application\app\core\Database.php
03.09.2025 09:22:17 | User Error | SQLSTATE[HY093]: Invalid parameter number: number of bound variables does not match number of tokens C:\Users\loren\webDevelopment\phpExcercises\mvc-dog-application\app\core\Database.php
03.09.2025 09:26:21 | User Error | SQLSTATE[HY093]: Invalid parameter number: number of bound variables does not match number of tokens C:\Users\loren\webDevelopment\phpExcercises\mvc-dog-application\app\core\Database.php
03.09.2025 09:27:38 | User Error | SQLSTATE[HY093]: Invalid parameter number: number of bound variables does not match number of tokens C:\Users\loren\webDevelopment\phpExcercises\mvc-dog-application\app\core\Database.php
03.09.2025 09:31:09 | User Error | SQLSTATE[HY093]: Invalid parameter number: number of bound variables does not match number of tokens C:\Users\loren\webDevelopment\phpExcercises\mvc-dog-application\app\core\Database.php
03.09.2025 09:31:20 | User Error | SQLSTATE[HY093]: Invalid parameter number: number of bound variables does not match number of tokens C:\Users\loren\webDevelopment\phpExcercises\mvc-dog-application\app\core\Database.php
03.09.2025 09:31:44 | User Error | SQLSTATE[HY093]: Invalid parameter number: number of bound variables does not match number of tokens C:\Users\loren\webDevelopment\phpExcercises\mvc-dog-application\app\core\Database.php
03.09.2025 09:34:34 | User Error | SQLSTATE[HY093]: Invalid parameter number: number of bound variables does not match number of tokens C:\Users\loren\webDevelopment\phpExcercises\mvc-dog-application\app\core\Database.php
03.09.2025 09:35:15 | User Error | SQLSTATE[HY093]: Invalid parameter number: number of bound variables does not match number of tokens C:\Users\loren\webDevelopment\phpExcercises\mvc-dog-application\app\core\Database.php
03.09.2025 09:38:50 | User Error | SQLSTATE[42000]: Syntax error or access violation: 1064 You have an error in your SQL syntax; check the manual that corresponds to your MySQL server version for the right syntax to use near '(
      dogname varchar(20), 
      dogbreed varchar(100), 
      dogcolor en' at line 1 C:\Users\loren\webDevelopment\phpExcercises\mvc-dog-application\app\core\Database.php
03.09.2025 09:39:24 | User Error | SQLSTATE[HY093]: Invalid parameter number: number of bound variables does not match number of tokens C:\Users\loren\webDevelopment\phpExcercises\mvc-dog-application\app\core\Database.php
03.09.2025 09:40:15 | User Error | SQLSTATE[HY093]: Invalid parameter number: number of bound variables does not match number of tokens C:\Users\loren\webDevelopment\phpExcercises\mvc-dog-application\app\core\Database.php
